2018-10-15 14:52:37,970 - BrowserEngin - INFO - You had select Chrome browser.
2018-10-15 14:52:37,970 - BrowserEngin - INFO - The test server url is: http://127.0.0.1/upload/forum.php 
2018-10-15 14:52:41,146 - BrowserEngin - INFO - Starting Chrome browser.
2018-10-15 14:52:48,168 - BrowserEngin - INFO - open url:http://127.0.0.1/upload/forum.php
2018-10-15 14:52:49,311 - BrowserEngin - INFO - Maximize the current window.
2018-10-15 14:52:49,316 - BrowserEngin - INFO - Set implicitly wait 10 seconds.
2018-10-15 14:52:49,743 - BasePage - INFO - Successful input
2018-10-15 14:52:50,137 - BasePage - INFO - Successful input
2018-10-15 14:53:05,231 - BasePage - INFO - The elemnet 登录 was clicked.
2018-10-15 14:53:20,170 - BasePage - ERROR - Failed to click the element with Message: stale element reference: element is not attached to the page document
  (Session info: chrome=69.0.3497.100)
  (Driver info: chromedriver=2.41.578737 (49da6702b16031c40d63e5618de03a32ff6c197e),platform=Windows NT 6.1.7601 SP1 x86_64)

2018-10-15 14:53:20,531 - BasePage - INFO - Successful input
2018-10-15 14:53:20,905 - BasePage - INFO - Successful input
2018-10-15 14:53:35,241 - BasePage - ERROR - Failed to click the element with Message: stale element reference: element is not attached to the page document
  (Session info: chrome=69.0.3497.100)
  (Driver info: chromedriver=2.41.578737 (49da6702b16031c40d63e5618de03a32ff6c197e),platform=Windows NT 6.1.7601 SP1 x86_64)

2018-10-15 14:53:35,596 - BasePage - INFO - Successful input
2018-10-15 14:53:37,378 - BasePage - INFO - The elemnet 发表回复 was clicked.
2018-10-15 14:53:47,966 - BasePage - ERROR - <pageobjects.Dis_huitie_page.HuitiePage object at 0x00000000021B4128> 页面中未能找到 ('id', '退出') 元素
2018-10-15 14:53:47,967 - BasePage - ERROR - Failed to click the element with 'NoneType' object has no attribute 'click'
