2018-10-15 14:56:42,341 - BrowserEngin - INFO - You had select Chrome browser.
2018-10-15 14:56:42,341 - BrowserEngin - INFO - The test server url is: http://127.0.0.1/upload/forum.php 
2018-10-15 14:56:45,512 - BrowserEngin - INFO - Starting Chrome browser.
2018-10-15 14:56:52,905 - BrowserEngin - INFO - open url:http://127.0.0.1/upload/forum.php
2018-10-15 14:56:52,910 - BrowserEngin - INFO - Set implicitly wait 10 seconds.
2018-10-15 14:56:53,323 - BasePage - INFO - Successful input
2018-10-15 14:56:53,737 - BasePage - INFO - Successful input
2018-10-15 14:57:09,945 - BasePage - INFO - The elemnet 登录 was clicked.
2018-10-15 14:57:25,105 - BasePage - ERROR - Failed to click the element with Message: stale element reference: element is not attached to the page document
  (Session info: chrome=69.0.3497.100)
  (Driver info: chromedriver=2.41.578737 (49da6702b16031c40d63e5618de03a32ff6c197e),platform=Windows NT 6.1.7601 SP1 x86_64)

2018-10-15 14:57:25,473 - BasePage - INFO - Successful input
2018-10-15 14:57:25,828 - BasePage - INFO - Successful input
2018-10-15 14:57:39,957 - BasePage - ERROR - Failed to click the element with Message: stale element reference: element is not attached to the page document
  (Session info: chrome=69.0.3497.100)
  (Driver info: chromedriver=2.41.578737 (49da6702b16031c40d63e5618de03a32ff6c197e),platform=Windows NT 6.1.7601 SP1 x86_64)

2018-10-15 14:57:40,296 - BasePage - INFO - Successful input
2018-10-15 14:57:42,062 - BasePage - INFO - The elemnet 发表回复 was clicked.
2018-10-15 14:57:52,638 - BasePage - ERROR - <pageobjects.Dis_huitie_page.HuitiePage object at 0x0000000003270DA0> 页面中未能找到 ('id', '退出') 元素
2018-10-15 14:57:52,638 - BasePage - ERROR - Failed to click the element with 'NoneType' object has no attribute 'click'
