2018-10-15 16:38:37,101 - BrowserEngin - INFO - You had select Chrome browser.
2018-10-15 16:38:37,101 - BrowserEngin - INFO - The test server url is: http://127.0.0.1/upload/forum.php 
2018-10-15 16:38:40,613 - BrowserEngin - INFO - Starting Chrome browser.
2018-10-15 16:38:48,230 - BrowserEngin - INFO - open url:http://127.0.0.1/upload/forum.php
2018-10-15 16:38:48,236 - BrowserEngin - INFO - Set implicitly wait 10 seconds.
2018-10-15 16:38:48,666 - BasePage - INFO - Successful input
2018-10-15 16:38:49,066 - BasePage - INFO - Successful input
2018-10-15 16:39:03,768 - BasePage - INFO - The elemnet 登录 was clicked.
2018-10-15 16:39:17,187 - BasePage - INFO - Had take screenshots and save to folder : /screen_shots  已经添加了快照 并保存到了screen_shots目录下
2018-10-15 16:39:17,187 - BasePage - ERROR - Failed to click the element with Message: stale element reference: element is not attached to the page document
  (Session info: chrome=69.0.3497.100)
  (Driver info: chromedriver=2.41.578737 (49da6702b16031c40d63e5618de03a32ff6c197e),platform=Windows NT 6.1.7601 SP1 x86_64)

2018-10-15 16:39:17,552 - BasePage - INFO - The elemnet  was clicked.
2018-10-15 16:39:19,853 - BasePage - INFO - The elemnet 删除 was clicked.
2018-10-15 16:39:34,553 - BasePage - INFO - Had take screenshots and save to folder : /screen_shots  已经添加了快照 并保存到了screen_shots目录下
2018-10-15 16:39:34,554 - BasePage - ERROR - Failed to click the element with Message: stale element reference: element is not attached to the page document
  (Session info: chrome=69.0.3497.100)
  (Driver info: chromedriver=2.41.578737 (49da6702b16031c40d63e5618de03a32ff6c197e),platform=Windows NT 6.1.7601 SP1 x86_64)

2018-10-15 16:39:35,061 - BasePage - INFO - The elemnet 管理中心 was clicked.
2018-10-15 16:39:35,083 - BasePage - INFO - Successfully go to new page window
2018-10-15 16:40:12,206 - BasePage - INFO - Had take screenshots and save to folder : /screen_shots  已经添加了快照 并保存到了screen_shots目录下
2018-10-15 16:40:12,207 - BasePage - ERROR - <pageobjects.Dis_guanli_zz_page.GuanliZuan object at 0x000000000326F048> 页面中未能找到 ('css selector', '#loginform .loginform .txt') 元素
