2018-10-15 17:56:22,268 - BrowserEngin - INFO - You had select Chrome browser.
2018-10-15 17:56:22,268 - BrowserEngin - INFO - The test server url is: http://127.0.0.1/upload/forum.php 
2018-10-15 17:56:25,568 - BrowserEngin - INFO - Starting Chrome browser.
2018-10-15 17:56:34,284 - BrowserEngin - INFO - open url:http://127.0.0.1/upload/forum.php
2018-10-15 17:56:34,289 - BrowserEngin - INFO - Set implicitly wait 10 seconds.
2018-10-15 17:56:34,718 - BasePage - INFO - Successful input
2018-10-15 17:56:35,124 - BasePage - INFO - Successful input
2018-10-15 17:56:51,113 - BasePage - INFO - The elemnet 登录 was clicked.
2018-10-15 17:57:04,858 - BasePage - ERROR - Failed to click the element with Message: stale element reference: element is not attached to the page document
  (Session info: chrome=69.0.3497.100)
  (Driver info: chromedriver=2.41.578737 (49da6702b16031c40d63e5618de03a32ff6c197e),platform=Windows NT 6.1.7601 SP1 x86_64)

2018-10-15 17:57:05,222 - BasePage - INFO - The elemnet  was clicked.
2018-10-15 17:57:07,301 - BasePage - INFO - The elemnet 删除 was clicked.
2018-10-15 17:57:24,014 - BasePage - ERROR - Failed to click the element with Message: stale element reference: element is not attached to the page document
  (Session info: chrome=69.0.3497.100)
  (Driver info: chromedriver=2.41.578737 (49da6702b16031c40d63e5618de03a32ff6c197e),platform=Windows NT 6.1.7601 SP1 x86_64)

2018-10-15 17:57:24,582 - BasePage - INFO - The elemnet 管理中心 was clicked.
2018-10-15 17:57:24,604 - BasePage - INFO - Successfully go to new page window
2018-10-15 17:57:26,148 - BasePage - INFO - Successful input
2018-10-15 17:58:07,445 - BasePage - ERROR - Failed to click the element with Message: stale element reference: element is not attached to the page document
  (Session info: chrome=69.0.3497.100)
  (Driver info: chromedriver=2.41.578737 (49da6702b16031c40d63e5618de03a32ff6c197e),platform=Windows NT 6.1.7601 SP1 x86_64)

2018-10-15 17:58:09,241 - BasePage - INFO - The elemnet 论坛 was clicked.
2018-10-15 17:58:09,279 - BasePage - INFO - Successfully cut into nested HTML pages
2018-10-15 17:58:10,017 - BasePage - INFO - The elemnet 添加新版块 was clicked.
2018-10-15 17:58:10,430 - BasePage - INFO - Successful input
2018-10-15 17:58:12,227 - BasePage - ERROR - Failed to click the element with Message: stale element reference: element is not attached to the page document
  (Session info: chrome=69.0.3497.100)
  (Driver info: chromedriver=2.41.578737 (49da6702b16031c40d63e5618de03a32ff6c197e),platform=Windows NT 6.1.7601 SP1 x86_64)

2018-10-15 17:58:12,234 - BasePage - INFO - Successfully return to the main HTML page
2018-10-15 17:58:20,916 - BasePage - ERROR - Failed to click the element with Message: stale element reference: element is not attached to the page document
  (Session info: chrome=69.0.3497.100)
  (Driver info: chromedriver=2.41.578737 (49da6702b16031c40d63e5618de03a32ff6c197e),platform=Windows NT 6.1.7601 SP1 x86_64)

2018-10-15 17:58:31,233 - BasePage - ERROR - Failed to click the element with Message: stale element reference: element is not attached to the page document
  (Session info: chrome=69.0.3497.100)
  (Driver info: chromedriver=2.41.578737 (49da6702b16031c40d63e5618de03a32ff6c197e),platform=Windows NT 6.1.7601 SP1 x86_64)

2018-10-15 17:58:31,601 - BasePage - INFO - Successful input
2018-10-15 17:58:31,975 - BasePage - INFO - Successful input
2018-10-15 17:58:41,781 - BasePage - INFO - The elemnet 登录 was clicked.
2018-10-15 17:58:56,131 - BasePage - ERROR - Failed to click the element with Message: stale element reference: element is not attached to the page document
  (Session info: chrome=69.0.3497.100)
  (Driver info: chromedriver=2.41.578737 (49da6702b16031c40d63e5618de03a32ff6c197e),platform=Windows NT 6.1.7601 SP1 x86_64)

2018-10-15 17:58:56,518 - BasePage - INFO - Successful input
2018-10-15 17:58:56,867 - BasePage - INFO - Successful input
2018-10-15 17:59:10,487 - BasePage - ERROR - Failed to click the element with Message: stale element reference: element is not attached to the page document
  (Session info: chrome=69.0.3497.100)
  (Driver info: chromedriver=2.41.578737 (49da6702b16031c40d63e5618de03a32ff6c197e),platform=Windows NT 6.1.7601 SP1 x86_64)

2018-10-15 17:59:10,871 - BasePage - INFO - Successful input
2018-10-15 17:59:12,623 - BasePage - INFO - The elemnet 发表回复 was clicked.
