2018-10-15 21:02:42,156 - BrowserEngin - INFO - You had select Chrome browser.
2018-10-15 21:02:42,157 - BrowserEngin - INFO - The test server url is: http://127.0.0.1/upload/forum.php 
2018-10-15 21:02:46,110 - BrowserEngin - INFO - Starting Chrome browser.
2018-10-15 21:02:55,320 - BrowserEngin - INFO - open url:http://127.0.0.1/upload/forum.php
2018-10-15 21:02:55,334 - BrowserEngin - INFO - Set implicitly wait 10 seconds.
2018-10-15 21:02:55,788 - BasePage - INFO - Successful input
2018-10-15 21:02:56,208 - BasePage - INFO - Successful input
2018-10-15 21:03:11,353 - BasePage - INFO - The elemnet 登录 was clicked.
2018-10-15 21:03:24,237 - BasePage - ERROR - Failed to click the element with Message: stale element reference: element is not attached to the page document
  (Session info: chrome=69.0.3497.100)
  (Driver info: chromedriver=2.41.578737 (49da6702b16031c40d63e5618de03a32ff6c197e),platform=Windows NT 6.1.7601 SP1 x86_64)

2018-10-15 21:03:24,601 - BasePage - INFO - The elemnet  was clicked.
2018-10-15 21:03:26,658 - BasePage - INFO - The elemnet 删除 was clicked.
2018-10-15 21:03:41,299 - BasePage - ERROR - Failed to click the element with Message: stale element reference: element is not attached to the page document
  (Session info: chrome=69.0.3497.100)
  (Driver info: chromedriver=2.41.578737 (49da6702b16031c40d63e5618de03a32ff6c197e),platform=Windows NT 6.1.7601 SP1 x86_64)

2018-10-15 21:03:41,848 - BasePage - INFO - The elemnet 管理中心 was clicked.
2018-10-15 21:03:41,872 - BasePage - INFO - Successfully go to new page window
2018-10-15 21:03:43,433 - BasePage - INFO - Successful input
2018-10-15 21:05:07,166 - BasePage - ERROR - Failed to click the element with Message: stale element reference: element is not attached to the page document
  (Session info: chrome=69.0.3497.100)
  (Driver info: chromedriver=2.41.578737 (49da6702b16031c40d63e5618de03a32ff6c197e),platform=Windows NT 6.1.7601 SP1 x86_64)

2018-10-15 21:05:08,957 - BasePage - INFO - The elemnet 论坛 was clicked.
2018-10-15 21:05:09,001 - BasePage - INFO - Successfully cut into nested HTML pages
2018-10-15 21:05:09,726 - BasePage - INFO - The elemnet 添加新版块 was clicked.
2018-10-15 21:05:10,132 - BasePage - INFO - Successful input
2018-10-15 21:05:11,908 - BasePage - ERROR - Failed to click the element with Message: stale element reference: element is not attached to the page document
  (Session info: chrome=69.0.3497.100)
  (Driver info: chromedriver=2.41.578737 (49da6702b16031c40d63e5618de03a32ff6c197e),platform=Windows NT 6.1.7601 SP1 x86_64)

2018-10-15 21:05:11,914 - BasePage - INFO - Successfully return to the main HTML page
2018-10-15 21:05:20,899 - BasePage - ERROR - Failed to click the element with Message: stale element reference: element is not attached to the page document
  (Session info: chrome=69.0.3497.100)
  (Driver info: chromedriver=2.41.578737 (49da6702b16031c40d63e5618de03a32ff6c197e),platform=Windows NT 6.1.7601 SP1 x86_64)

2018-10-15 21:05:31,429 - BasePage - ERROR - Failed to click the element with Message: stale element reference: element is not attached to the page document
  (Session info: chrome=69.0.3497.100)
  (Driver info: chromedriver=2.41.578737 (49da6702b16031c40d63e5618de03a32ff6c197e),platform=Windows NT 6.1.7601 SP1 x86_64)

2018-10-15 21:05:31,777 - BasePage - INFO - Successful input
2018-10-15 21:05:32,147 - BasePage - INFO - Successful input
2018-10-15 21:05:42,570 - BasePage - INFO - The elemnet 登录 was clicked.
2018-10-15 21:05:57,062 - BasePage - ERROR - Failed to click the element with Message: stale element reference: element is not attached to the page document
  (Session info: chrome=69.0.3497.100)
  (Driver info: chromedriver=2.41.578737 (49da6702b16031c40d63e5618de03a32ff6c197e),platform=Windows NT 6.1.7601 SP1 x86_64)

2018-10-15 21:05:57,410 - BasePage - INFO - Successful input
2018-10-15 21:05:57,745 - BasePage - INFO - Successful input
2018-10-15 21:06:12,610 - BasePage - ERROR - Failed to click the element with Message: stale element reference: element is not attached to the page document
  (Session info: chrome=69.0.3497.100)
  (Driver info: chromedriver=2.41.578737 (49da6702b16031c40d63e5618de03a32ff6c197e),platform=Windows NT 6.1.7601 SP1 x86_64)

2018-10-15 21:06:12,974 - BasePage - INFO - Successful input
2018-10-15 21:06:14,684 - BasePage - INFO - The elemnet 发表回复 was clicked.
