2018-10-15 16:08:41,378 - BrowserEngin - INFO - You had select Chrome browser.
2018-10-15 16:08:41,379 - BrowserEngin - INFO - The test server url is: http://127.0.0.1/upload/forum.php 
2018-10-15 16:08:44,671 - BrowserEngin - INFO - Starting Chrome browser.
2018-10-15 16:08:51,969 - BrowserEngin - INFO - open url:http://127.0.0.1/upload/forum.php
2018-10-15 16:08:51,975 - BrowserEngin - INFO - Set implicitly wait 10 seconds.
2018-10-15 16:08:52,377 - BasePage - INFO - Successful input
2018-10-15 16:08:52,749 - BasePage - INFO - Successful input
2018-10-15 16:09:06,969 - BasePage - INFO - The elemnet 登录 was clicked.
2018-10-15 16:09:20,644 - BasePage - ERROR - Failed to click the element with Message: stale element reference: element is not attached to the page document
  (Session info: chrome=69.0.3497.100)
  (Driver info: chromedriver=2.41.578737 (49da6702b16031c40d63e5618de03a32ff6c197e),platform=Windows NT 6.1.7601 SP1 x86_64)

2018-10-15 16:09:21,009 - BasePage - INFO - The elemnet  was clicked.
2018-10-15 16:09:23,422 - BasePage - INFO - The elemnet 删除 was clicked.
2018-10-15 16:09:37,983 - BasePage - ERROR - Failed to click the element with Message: stale element reference: element is not attached to the page document
  (Session info: chrome=69.0.3497.100)
  (Driver info: chromedriver=2.41.578737 (49da6702b16031c40d63e5618de03a32ff6c197e),platform=Windows NT 6.1.7601 SP1 x86_64)

2018-10-15 16:09:38,517 - BasePage - INFO - The elemnet 管理中心 was clicked.
2018-10-15 16:09:38,541 - BasePage - INFO - Successfully go to new page window
2018-10-15 16:09:40,119 - BasePage - INFO - Successful input
2018-10-15 16:10:10,183 - BasePage - ERROR - Failed to click the element with Message: stale element reference: element is not attached to the page document
  (Session info: chrome=69.0.3497.100)
  (Driver info: chromedriver=2.41.578737 (49da6702b16031c40d63e5618de03a32ff6c197e),platform=Windows NT 6.1.7601 SP1 x86_64)

2018-10-15 16:10:11,995 - BasePage - INFO - The elemnet 论坛 was clicked.
2018-10-15 16:10:12,034 - BasePage - INFO - Successfully cut into nested HTML pages
2018-10-15 16:10:12,663 - BasePage - INFO - The elemnet 添加新版块 was clicked.
2018-10-15 16:10:13,025 - BasePage - INFO - Successful input
2018-10-15 16:10:14,818 - BasePage - ERROR - Failed to click the element with Message: stale element reference: element is not attached to the page document
  (Session info: chrome=69.0.3497.100)
  (Driver info: chromedriver=2.41.578737 (49da6702b16031c40d63e5618de03a32ff6c197e),platform=Windows NT 6.1.7601 SP1 x86_64)

2018-10-15 16:10:25,414 - BasePage - ERROR - <pageobjects.Dis_guanli_page.GuanliPage object at 0x000000000327BC50> 页面中未能找到 ('link text', '退出') 元素
2018-10-15 16:10:25,415 - BasePage - ERROR - Failed to click the element with 'NoneType' object has no attribute 'click'
2018-10-15 16:10:35,978 - BasePage - ERROR - <pageobjects.Dis_home_page.HomePage object at 0x000000000325C668> 页面中未能找到 ('link text', '退出') 元素
2018-10-15 16:10:35,979 - BasePage - ERROR - Failed to click the element with 'NoneType' object has no attribute 'click'
2018-10-15 16:10:46,519 - BasePage - ERROR - <pageobjects.Dis_home_page.HomePage object at 0x000000000325C668> 页面中未能找到 ('id', 'ls_username') 元素
