2018-10-15 17:42:41,951 - BrowserEngin - INFO - You had select Chrome browser.
2018-10-15 17:42:41,951 - BrowserEngin - INFO - The test server url is: http://127.0.0.1/upload/forum.php 
2018-10-15 17:42:45,373 - BrowserEngin - INFO - Starting Chrome browser.
2018-10-15 17:42:53,844 - BrowserEngin - INFO - open url:http://127.0.0.1/upload/forum.php
2018-10-15 17:42:53,849 - BrowserEngin - INFO - Set implicitly wait 10 seconds.
2018-10-15 17:42:54,268 - BasePage - INFO - Successful input
2018-10-15 17:42:54,679 - BasePage - INFO - Successful input
2018-10-15 17:44:44,973 - BasePage - INFO - The elemnet 登录 was clicked.
2018-10-15 17:45:38,151 - BasePage - ERROR - Failed to click the element with Message: stale element reference: element is not attached to the page document
  (Session info: chrome=69.0.3497.100)
  (Driver info: chromedriver=2.41.578737 (49da6702b16031c40d63e5618de03a32ff6c197e),platform=Windows NT 6.1.7601 SP1 x86_64)

2018-10-15 17:45:38,510 - BasePage - INFO - The elemnet  was clicked.
2018-10-15 17:45:40,645 - BasePage - INFO - The elemnet 删除 was clicked.
2018-10-15 17:45:57,859 - BasePage - ERROR - Failed to click the element with Message: stale element reference: element is not attached to the page document
  (Session info: chrome=69.0.3497.100)
  (Driver info: chromedriver=2.41.578737 (49da6702b16031c40d63e5618de03a32ff6c197e),platform=Windows NT 6.1.7601 SP1 x86_64)

2018-10-15 17:45:58,371 - BasePage - INFO - The elemnet 管理中心 was clicked.
2018-10-15 17:45:58,393 - BasePage - INFO - Successfully go to new page window
2018-10-15 17:45:59,946 - BasePage - INFO - Successful input
2018-10-15 17:46:45,553 - BasePage - ERROR - Failed to click the element with Message: stale element reference: element is not attached to the page document
  (Session info: chrome=69.0.3497.100)
  (Driver info: chromedriver=2.41.578737 (49da6702b16031c40d63e5618de03a32ff6c197e),platform=Windows NT 6.1.7601 SP1 x86_64)

2018-10-15 17:46:47,363 - BasePage - INFO - The elemnet 论坛 was clicked.
2018-10-15 17:46:47,402 - BasePage - INFO - Successfully cut into nested HTML pages
2018-10-15 17:46:48,122 - BasePage - INFO - The elemnet 添加新版块 was clicked.
2018-10-15 17:46:48,522 - BasePage - INFO - Successful input
2018-10-15 17:46:50,287 - BasePage - ERROR - Failed to click the element with Message: stale element reference: element is not attached to the page document
  (Session info: chrome=69.0.3497.100)
  (Driver info: chromedriver=2.41.578737 (49da6702b16031c40d63e5618de03a32ff6c197e),platform=Windows NT 6.1.7601 SP1 x86_64)

