2018-10-15 17:09:21,022 - BrowserEngin - INFO - You had select Chrome browser.
2018-10-15 17:09:21,022 - BrowserEngin - INFO - The test server url is: http://127.0.0.1/upload/forum.php 
2018-10-15 17:09:24,432 - BrowserEngin - INFO - Starting Chrome browser.
2018-10-15 17:09:31,156 - BrowserEngin - INFO - open url:http://127.0.0.1/upload/forum.php
2018-10-15 17:09:31,164 - BrowserEngin - INFO - Set implicitly wait 10 seconds.
2018-10-15 17:09:31,584 - BasePage - INFO - Successful input
2018-10-15 17:09:31,988 - BasePage - INFO - Successful input
2018-10-15 17:09:46,225 - BasePage - INFO - The elemnet 登录 was clicked.
2018-10-15 17:09:59,413 - BasePage - ERROR - Failed to click the element with Message: stale element reference: element is not attached to the page document
  (Session info: chrome=69.0.3497.100)
  (Driver info: chromedriver=2.41.578737 (49da6702b16031c40d63e5618de03a32ff6c197e),platform=Windows NT 6.1.7601 SP1 x86_64)

2018-10-15 17:09:59,771 - BasePage - INFO - The elemnet  was clicked.
2018-10-15 17:10:01,828 - BasePage - INFO - The elemnet 删除 was clicked.
2018-10-15 17:10:15,980 - BasePage - ERROR - Failed to click the element with Message: stale element reference: element is not attached to the page document
  (Session info: chrome=69.0.3497.100)
  (Driver info: chromedriver=2.41.578737 (49da6702b16031c40d63e5618de03a32ff6c197e),platform=Windows NT 6.1.7601 SP1 x86_64)

2018-10-15 17:10:16,535 - BasePage - INFO - The elemnet 管理中心 was clicked.
2018-10-15 17:10:16,557 - BasePage - INFO - Successfully go to new page window
2018-10-15 17:10:18,082 - BasePage - INFO - Successful input
2018-10-15 17:10:47,163 - BasePage - ERROR - Failed to click the element with Message: stale element reference: element is not attached to the page document
  (Session info: chrome=69.0.3497.100)
  (Driver info: chromedriver=2.41.578737 (49da6702b16031c40d63e5618de03a32ff6c197e),platform=Windows NT 6.1.7601 SP1 x86_64)

2018-10-15 17:10:48,912 - BasePage - INFO - The elemnet 论坛 was clicked.
2018-10-15 17:10:48,952 - BasePage - INFO - Successfully cut into nested HTML pages
2018-10-15 17:10:49,619 - BasePage - INFO - The elemnet 添加新版块 was clicked.
2018-10-15 17:10:49,997 - BasePage - INFO - Successful input
2018-10-15 17:10:51,735 - BasePage - ERROR - Failed to click the element with Message: stale element reference: element is not attached to the page document
  (Session info: chrome=69.0.3497.100)
  (Driver info: chromedriver=2.41.578737 (49da6702b16031c40d63e5618de03a32ff6c197e),platform=Windows NT 6.1.7601 SP1 x86_64)

2018-10-15 17:11:02,263 - BasePage - ERROR - <pageobjects.Dis_guanli_page.GuanliPage object at 0x00000000032AC128> 页面中未能找到 ('css selector', '.uinfo a') 元素
2018-10-15 17:11:02,263 - BasePage - ERROR - Failed to click the element with 'NoneType' object has no attribute 'click'
2018-10-15 17:11:12,853 - BasePage - ERROR - <pageobjects.Dis_home_page.HomePage object at 0x0000000003273E48> 页面中未能找到 ('link text', '退出') 元素
2018-10-15 17:11:12,854 - BasePage - ERROR - Failed to click the element with 'NoneType' object has no attribute 'click'
2018-10-15 17:11:23,425 - BasePage - ERROR - <pageobjects.Dis_home_page.HomePage object at 0x0000000003273E48> 页面中未能找到 ('id', 'ls_username') 元素
